<?xml version="1.0" encoding="UTF-8"?>
<robot generator="Robot 3.1.2 (Python 3.7.3 on win32)" generated="20190906 07:51:09.607" rpa="false">
<suite id="s1" name="TC10 keyboardAction" source="F:\Automation\RobotAutomation\TestCases\TC10_keyboardAction.robot">
<test id="s1-t1" name="TC_010 Keyboard">
<kw name="Open Browser" library="SeleniumLibrary">
<doc>Opens a new browser instance to the given ``url``.</doc>
<arguments>
<arg>${URL}</arg>
<arg>${Browser}</arg>
</arguments>
<msg timestamp="20190906 07:51:09.935" level="INFO">Opening browser 'Chrome' to base url 'https://www.facebook.com'.</msg>
<status status="PASS" starttime="20190906 07:51:09.935" endtime="20190906 07:51:17.572"></status>
</kw>
<kw name="Maximize Browser Window" library="SeleniumLibrary">
<doc>Maximizes current browser window.</doc>
<status status="PASS" starttime="20190906 07:51:17.573" endtime="20190906 07:51:18.716"></status>
</kw>
<kw name="Set Selenium Speed" library="SeleniumLibrary">
<doc>Sets the delay that is waited after each Selenium command.</doc>
<arguments>
<arg>1seconds</arg>
</arguments>
<status status="PASS" starttime="20190906 07:51:18.716" endtime="20190906 07:51:18.716"></status>
</kw>
<kw name="Input credentials with Argument">
<arguments>
<arg>pratosh.kr@gmail.com</arg>
<arg>90313156959031315695</arg>
</arguments>
<kw name="Press Key" library="SeleniumLibrary">
<doc>Deprecated use `Press Keys` instead.</doc>
<arguments>
<arg>name:email</arg>
<arg>${email}</arg>
</arguments>
<status status="PASS" starttime="20190906 07:51:18.717" endtime="20190906 07:51:20.966"></status>
</kw>
<kw name="Press Key" library="SeleniumLibrary">
<doc>Deprecated use `Press Keys` instead.</doc>
<arguments>
<arg>xpath://input[@name='pass']</arg>
<arg>${password}</arg>
</arguments>
<status status="PASS" starttime="20190906 07:51:20.966" endtime="20190906 07:51:23.235"></status>
</kw>
<kw name="Press Key" library="SeleniumLibrary">
<doc>Deprecated use `Press Keys` instead.</doc>
<arguments>
<arg>xpath://*[@id="u_0_2"]</arg>
<arg>//13</arg>
</arguments>
<kw name="Capture Page Screenshot" library="SeleniumLibrary">
<doc>Takes screenshot of the current page and embeds it into log file.</doc>
<msg timestamp="20190906 07:51:25.692" level="INFO" html="yes">&lt;/td&gt;&lt;/tr&gt;&lt;tr&gt;&lt;td colspan="3"&gt;&lt;a href="selenium-screenshot-4.png"&gt;&lt;img src="selenium-screenshot-4.png" width="800px"&gt;&lt;/a&gt;</msg>
<status status="PASS" starttime="20190906 07:51:24.280" endtime="20190906 07:51:25.693"></status>
</kw>
<msg timestamp="20190906 07:51:25.775" level="FAIL">Element with locator 'xpath://*[@id="u_0_2"]' not found.</msg>
<status status="FAIL" starttime="20190906 07:51:23.236" endtime="20190906 07:51:25.775"></status>
</kw>
<status status="FAIL" starttime="20190906 07:51:18.717" endtime="20190906 07:51:25.775"></status>
</kw>
<status status="FAIL" starttime="20190906 07:51:09.934" endtime="20190906 07:51:25.775" critical="yes">Element with locator 'xpath://*[@id="u_0_2"]' not found.</status>
</test>
<status status="FAIL" starttime="20190906 07:51:09.610" endtime="20190906 07:51:25.777"></status>
</suite>
<statistics>
<total>
<stat pass="0" fail="1">Critical Tests</stat>
<stat pass="0" fail="1">All Tests</stat>
</total>
<tag>
</tag>
<suite>
<stat pass="0" fail="1" id="s1" name="TC10 keyboardAction">TC10 keyboardAction</stat>
</suite>
</statistics>
<errors>
</errors>
</robot>
